<html>
<head>
<title>игра build log</title>
<meta http-equiv="Content-Type" content="text/html; charset=utf-8" /></head>
<body>
<tt>
Build started on: <u>02-02-2023 at 10:31.07</u><br />
Build ended on: <u>02-02-2023 at 10:31.09</u><p />
<b>-------------- Build: Debug in игра (compiler: NOT FOR PROJECTS! = MinGW GCC + Strict + Fast + Save (Requires Git))---------------</b><br />
g++git-auto.bat "C:\Артем\игра\main.cpp" -o bin\Debug\игра.exe -mwindows  -Wall -fexceptions  -g  -Wshadow -Winit-self -Wredundant-decls -Wcast-align -Wundef -Wfloat-equal -Winline -Wunreachable-code -Wmissing-declarations -Wmissing-include-dirs -Wswitch-enum -Wswitch-default -Weffc++ -Wmain -Wextra -Wall -g -pipe -fexceptions -Wcast-qual -Wconversion -Wctor-dtor-privacy -Wempty-body -Wformat-security -Wformat=2 -Wignored-qualifiers -Wlogical-op -Wmissing-field-initializers -Wnon-virtual-dtor -Woverloaded-virtual -Wpointer-arith -Wsign-promo -Wstack-usage=8192 -Wstrict-aliasing -Wstrict-null-sentinel -Wtype-limits -Wwrite-strings -D_DEBUG -D_EJUDGE_CLIENT_SIDE -D_EJC<br />
------------------------------------------------------------------------------------------------------<br />
Compilation ERRORS:<br />
<br />
<font color="#0000ff">C:\Артем\игра\main.cpp:104:30: warning: character constant too long for its type [enabled by default]</font><br />
         if(GetAsyncKeyState ('SPACE'))<br />
                              ^<br />
<font color="#ff0000">C:\Артем\игра\main.cpp:39:5: error: expected ';' after struct definition</font><br />
     }<br />
     ^<br />
C:\Артем\игра\main.cpp: In member function 'void Bullet::draw()':<br />
<font color="#ff0000">C:\Артем\игра\main.cpp:33:25: error: 'TXSetColor' was not declared in this scope</font><br />
     TXSetColor (TX_BLACK);<br />
                         ^<br />
<font color="#ff0000">C:\Артем\игра\main.cpp:34:29: error: expected ')' before ';' token</font><br />
     TXSetFillColor (TX_BLACK;<br />
                             ^<br />
C:\Артем\игра\main.cpp: In function 'void draw_picture(Picture)':<br />
<font color="#0000ff">C:\Артем\игра\main.cpp:43:7: warning: no previous declaration for 'void draw_picture(Picture)' [-Wmissing-declarations]</font><br />
  void draw_picture (Picture picture)<br />
       ^<br />
C:\Артем\игра\main.cpp: In function 'int main()':<br />
<font color="#ff0000">C:\Артем\игра\main.cpp:126:9: error: 'bul' was not declared in this scope</font><br />
         bul.vitable = true;<br />
         ^<br />
<font color="#ff0000">C:\Артем\игра\main.cpp:127:17: error: 'picture' was not declared in this scope</font><br />
         bul.x = picture.x<br />
                 ^<br />
<font color="#ff0000">C:\Артем\игра\main.cpp:128:9: error: expected ';' before 'bul'</font><br />
         bul.y = picture.y<br />
         ^<br />
------------------------------------------------------------------------------------------------------<br />
Autosaving to the Git repository in C:///.git-auto/... <br />
<font color="#a00000">Process terminated with status 1 (0 minutes, 1 seconds)</font><br />
<font color="#a00000">6 errors, 2 warnings (0 minutes, 1 seconds)</font><br />
</tt>
</body>
</html>
